{
  "stats": {
    "suites": 1,
    "tests": 1,
    "passes": 1,
    "pending": 0,
    "failures": 0,
    "start": "2022-09-19T10:07:35.574Z",
    "end": "2022-09-19T10:08:05.611Z",
    "duration": 30037,
    "testsRegistered": 1,
    "passPercent": 100,
    "pendingPercent": 0,
    "other": 0,
    "hasOther": false,
    "skipped": 0,
    "hasSkipped": false
  },
  "results": [
    {
      "uuid": "6489cf61-1a2f-486c-af90-d470713f4a15",
      "title": "",
      "fullFile": "cypress\\e2e\\FrontGate.cy.js",
      "file": "cypress\\e2e\\FrontGate.cy.js",
      "beforeHooks": [],
      "afterHooks": [],
      "tests": [],
      "suites": [
        {
          "uuid": "2d049bfe-1961-4b6a-a798-8efc16523a95",
          "title": "data driven",
          "fullFile": "",
          "file": "",
          "beforeHooks": [],
          "afterHooks": [],
          "tests": [
            {
              "title": "Login Test",
              "fullTitle": "data driven Login Test",
              "timedOut": null,
              "duration": 26227,
              "state": "passed",
              "speed": "slow",
              "pass": true,
              "fail": false,
              "pending": false,
              "context": null,
              "code": "for (var i = 0; i < loginData.length; i++) {\n  login.loginTestUser(loginData[i]);\n}",
              "err": {},
              "uuid": "88061cdd-6b5a-4f5d-8f7b-3d9f4fbdd5d0",
              "parentUUID": "2d049bfe-1961-4b6a-a798-8efc16523a95",
              "isHook": false,
              "skipped": false
            }
          ],
          "suites": [],
          "passes": [
            "88061cdd-6b5a-4f5d-8f7b-3d9f4fbdd5d0"
          ],
          "failures": [],
          "pending": [],
          "skipped": [],
          "duration": 26227,
          "root": false,
          "rootEmpty": false,
          "_timeout": 2000
        }
      ],
      "passes": [],
      "failures": [],
      "pending": [],
      "skipped": [],
      "duration": 0,
      "root": true,
      "rootEmpty": true,
      "_timeout": 2000
    }
  ],
  "meta": {
    "mocha": {
      "version": "7.0.1"
    },
    "mochawesome": {
      "options": {
        "quiet": false,
        "reportFilename": "mochawesome",
        "saveHtml": true,
        "saveJson": true,
        "consoleReporter": "spec",
        "useInlineDiffs": false,
        "code": true
      },
      "version": "7.1.3"
    },
    "marge": {
      "options": {
        "charts": true,
        "overwrite": true,
        "html": true,
        "json": true,
        "reportDir": "./"
      },
      "version": "6.2.0"
    }
  }
}